build/app/intermediates/manifest_merge_blame_file/release/manifest-merger-blame-release-report.txt
1<?xml version="1.0" encoding="utf-8"?>
2<manifest xmlns:android="http://schemas.android.com/apk/res/android"
3    package="site.abhinavpatel.soulscript"
4    android:versionCode="1"
5    android:versionName="1.0.0" >
6
7    <uses-sdk
8        android:minSdkVersion="23"
8-->src\main\AndroidManifest.xml
9        android:targetSdkVersion="34" />
9-->src\main\AndroidManifest.xml
10
11    <queries>
11-->src\main\AndroidManifest.xml:30:5-35:15
12        <intent>
12-->src\main\AndroidManifest.xml:31:9-34:18
13            <action android:name="android.intent.action.PROCESS_TEXT" />
13-->src\main\AndroidManifest.xml:32:13-72
13-->src\main\AndroidManifest.xml:32:21-70
14
15            <data android:mimeType="text/plain" />
15-->src\main\AndroidManifest.xml:33:13-50
15-->src\main\AndroidManifest.xml:33:19-48
16        </intent>
17    </queries>
18
19    <uses-permission android:name="android.permission.ACCESS_NETWORK_STATE" />
19-->[:connectivity_plus] AndroidManifest.xml:9:5-79
19-->[:connectivity_plus] AndroidManifest.xml:9:22-76
20
21    <permission
21-->[androidx.core:core:1.10.1] AndroidManifest.xml:22:5-24:47
22        android:name="site.abhinavpatel.soulscript.DYNAMIC_RECEIVER_NOT_EXPORTED_PERMISSION"
22-->[androidx.core:core:1.10.1] AndroidManifest.xml:23:9-81
23        android:protectionLevel="signature" />
23-->[androidx.core:core:1.10.1] AndroidManifest.xml:24:9-44
24
25    <uses-permission android:name="site.abhinavpatel.soulscript.DYNAMIC_RECEIVER_NOT_EXPORTED_PERMISSION" />
25-->[androidx.core:core:1.10.1] AndroidManifest.xml:26:5-97
25-->[androidx.core:core:1.10.1] AndroidManifest.xml:26:22-94
26
27    <application
28        android:name="android.app.Application"
28-->src\main\AndroidManifest.xml:4:9-42
29        android:appComponentFactory="androidx.core.app.CoreComponentFactory"
29-->[androidx.core:core:1.10.1] AndroidManifest.xml:28:18-86
30        android:enableOnBackInvokedCallback="true"
30-->src\main\AndroidManifest.xml:6:9-51
31        android:extractNativeLibs="false"
32        android:icon="@mipmap/launcher_icon"
32-->src\main\AndroidManifest.xml:5:9-45
33        android:label="SoulScript" >
33-->src\main\AndroidManifest.xml:3:9-35
34        <activity
34-->src\main\AndroidManifest.xml:8:9-25:20
35            android:name="site.abhinavpatel.soulscript.MainActivity"
35-->src\main\AndroidManifest.xml:9:13-41
36            android:configChanges="orientation|keyboardHidden|keyboard|screenSize|smallestScreenSize|locale|layoutDirection|fontScale|screenLayout|density|uiMode"
36-->src\main\AndroidManifest.xml:14:13-163
37            android:exported="true"
37-->src\main\AndroidManifest.xml:10:13-36
38            android:hardwareAccelerated="true"
38-->src\main\AndroidManifest.xml:15:13-47
39            android:launchMode="singleTop"
39-->src\main\AndroidManifest.xml:11:13-43
40            android:taskAffinity=""
40-->src\main\AndroidManifest.xml:12:13-36
41            android:theme="@style/LaunchTheme"
41-->src\main\AndroidManifest.xml:13:13-47
42            android:windowSoftInputMode="adjustResize" >
42-->src\main\AndroidManifest.xml:16:13-55
43            <meta-data
43-->src\main\AndroidManifest.xml:17:13-20:17
44                android:name="io.flutter.embedding.android.NormalTheme"
44-->src\main\AndroidManifest.xml:18:15-70
45                android:resource="@style/NormalTheme" />
45-->src\main\AndroidManifest.xml:19:15-52
46
47            <intent-filter>
47-->src\main\AndroidManifest.xml:21:13-24:29
48                <action android:name="android.intent.action.MAIN" />
48-->src\main\AndroidManifest.xml:22:17-68
48-->src\main\AndroidManifest.xml:22:25-66
49
50                <category android:name="android.intent.category.LAUNCHER" />
50-->src\main\AndroidManifest.xml:23:17-76
50-->src\main\AndroidManifest.xml:23:27-74
51            </intent-filter>
52        </activity>
53
54        <meta-data
54-->src\main\AndroidManifest.xml:26:9-28:33
55            android:name="flutterEmbedding"
55-->src\main\AndroidManifest.xml:27:13-44
56            android:value="2" />
56-->src\main\AndroidManifest.xml:28:13-30
57
58        <provider
58-->[:image_picker_android] AndroidManifest.xml:11:9-19:20
59            android:name="io.flutter.plugins.imagepicker.ImagePickerFileProvider"
59-->[:image_picker_android] AndroidManifest.xml:12:13-82
60            android:authorities="site.abhinavpatel.soulscript.flutter.image_provider"
60-->[:image_picker_android] AndroidManifest.xml:13:13-74
61            android:exported="false"
61-->[:image_picker_android] AndroidManifest.xml:14:13-37
62            android:grantUriPermissions="true" >
62-->[:image_picker_android] AndroidManifest.xml:15:13-47
63            <meta-data
63-->[:image_picker_android] AndroidManifest.xml:16:13-18:75
64                android:name="android.support.FILE_PROVIDER_PATHS"
64-->[:image_picker_android] AndroidManifest.xml:17:17-67
65                android:resource="@xml/flutter_image_picker_file_paths" />
65-->[:image_picker_android] AndroidManifest.xml:18:17-72
66        </provider> <!-- Trigger Google Play services to install the backported photo picker module. -->
67        <service
67-->[:image_picker_android] AndroidManifest.xml:21:9-33:19
68            android:name="com.google.android.gms.metadata.ModuleDependencies"
68-->[:image_picker_android] AndroidManifest.xml:22:13-78
69            android:enabled="false"
69-->[:image_picker_android] AndroidManifest.xml:23:13-36
70            android:exported="false" >
70-->[:image_picker_android] AndroidManifest.xml:24:13-37
71            <intent-filter>
71-->[:image_picker_android] AndroidManifest.xml:26:13-28:29
72                <action android:name="com.google.android.gms.metadata.MODULE_DEPENDENCIES" />
72-->[:image_picker_android] AndroidManifest.xml:27:17-94
72-->[:image_picker_android] AndroidManifest.xml:27:25-91
73            </intent-filter>
74
75            <meta-data
75-->[:image_picker_android] AndroidManifest.xml:30:13-32:36
76                android:name="photopicker_activity:0:required"
76-->[:image_picker_android] AndroidManifest.xml:31:17-63
77                android:value="" />
77-->[:image_picker_android] AndroidManifest.xml:32:17-33
78        </service>
79
80        <activity
80-->[:url_launcher_android] AndroidManifest.xml:10:9-13:74
81            android:name="io.flutter.plugins.urllauncher.WebViewActivity"
81-->[:url_launcher_android] AndroidManifest.xml:11:13-74
82            android:exported="false"
82-->[:url_launcher_android] AndroidManifest.xml:12:13-37
83            android:theme="@android:style/Theme.NoTitleBar.Fullscreen" />
83-->[:url_launcher_android] AndroidManifest.xml:13:13-71
84
85        <uses-library
85-->[androidx.window:window:1.0.0-beta04] AndroidManifest.xml:25:9-27:40
86            android:name="androidx.window.extensions"
86-->[androidx.window:window:1.0.0-beta04] AndroidManifest.xml:26:13-54
87            android:required="false" />
87-->[androidx.window:window:1.0.0-beta04] AndroidManifest.xml:27:13-37
88        <uses-library
88-->[androidx.window:window:1.0.0-beta04] AndroidManifest.xml:28:9-30:40
89            android:name="androidx.window.sidecar"
89-->[androidx.window:window:1.0.0-beta04] AndroidManifest.xml:29:13-51
90            android:required="false" />
90-->[androidx.window:window:1.0.0-beta04] AndroidManifest.xml:30:13-37
91
92        <provider
92-->[androidx.profileinstaller:profileinstaller:1.3.0] AndroidManifest.xml:24:9-32:20
93            android:name="androidx.startup.InitializationProvider"
93-->[androidx.profileinstaller:profileinstaller:1.3.0] AndroidManifest.xml:25:13-67
94            android:authorities="site.abhinavpatel.soulscript.androidx-startup"
94-->[androidx.profileinstaller:profileinstaller:1.3.0] AndroidManifest.xml:26:13-68
95            android:exported="false" >
95-->[androidx.profileinstaller:profileinstaller:1.3.0] AndroidManifest.xml:27:13-37
96            <meta-data
96-->[androidx.profileinstaller:profileinstaller:1.3.0] AndroidManifest.xml:29:13-31:52
97                android:name="androidx.profileinstaller.ProfileInstallerInitializer"
97-->[androidx.profileinstaller:profileinstaller:1.3.0] AndroidManifest.xml:30:17-85
98                android:value="androidx.startup" />
98-->[androidx.profileinstaller:profileinstaller:1.3.0] AndroidManifest.xml:31:17-49
99        </provider>
100
101        <receiver
101-->[androidx.profileinstaller:profileinstaller:1.3.0] AndroidManifest.xml:34:9-52:20
102            android:name="androidx.profileinstaller.ProfileInstallReceiver"
102-->[androidx.profileinstaller:profileinstaller:1.3.0] AndroidManifest.xml:35:13-76
103            android:directBootAware="false"
103-->[androidx.profileinstaller:profileinstaller:1.3.0] AndroidManifest.xml:36:13-44
104            android:enabled="true"
104-->[androidx.profileinstaller:profileinstaller:1.3.0] AndroidManifest.xml:37:13-35
105            android:exported="true"
105-->[androidx.profileinstaller:profileinstaller:1.3.0] AndroidManifest.xml:38:13-36
106            android:permission="android.permission.DUMP" >
106-->[androidx.profileinstaller:profileinstaller:1.3.0] AndroidManifest.xml:39:13-57
107            <intent-filter>
107-->[androidx.profileinstaller:profileinstaller:1.3.0] AndroidManifest.xml:40:13-42:29
108                <action android:name="androidx.profileinstaller.action.INSTALL_PROFILE" />
108-->[androidx.profileinstaller:profileinstaller:1.3.0] AndroidManifest.xml:41:17-91
108-->[androidx.profileinstaller:profileinstaller:1.3.0] AndroidManifest.xml:41:25-88
109            </intent-filter>
110            <intent-filter>
110-->[androidx.profileinstaller:profileinstaller:1.3.0] AndroidManifest.xml:43:13-45:29
111                <action android:name="androidx.profileinstaller.action.SKIP_FILE" />
111-->[androidx.profileinstaller:profileinstaller:1.3.0] AndroidManifest.xml:44:17-85
111-->[androidx.profileinstaller:profileinstaller:1.3.0] AndroidManifest.xml:44:25-82
112            </intent-filter>
113            <intent-filter>
113-->[androidx.profileinstaller:profileinstaller:1.3.0] AndroidManifest.xml:46:13-48:29
114                <action android:name="androidx.profileinstaller.action.SAVE_PROFILE" />
114-->[androidx.profileinstaller:profileinstaller:1.3.0] AndroidManifest.xml:47:17-88
114-->[androidx.profileinstaller:profileinstaller:1.3.0] AndroidManifest.xml:47:25-85
115            </intent-filter>
116            <intent-filter>
116-->[androidx.profileinstaller:profileinstaller:1.3.0] AndroidManifest.xml:49:13-51:29
117                <action android:name="androidx.profileinstaller.action.BENCHMARK_OPERATION" />
117-->[androidx.profileinstaller:profileinstaller:1.3.0] AndroidManifest.xml:50:17-95
117-->[androidx.profileinstaller:profileinstaller:1.3.0] AndroidManifest.xml:50:25-92
118            </intent-filter>
119        </receiver>
120    </application>
121
122</manifest>